Flutter crash report; please file at https://github.com/flutter/flutter/issues.

## command

flutter build bundle --suppress-analytics --target C:\Users\00509060\Desktop\FlutterQRScanner-App-master\lib/main.dart --filesystem-scheme org-dartlang-root --compilation-trace-file compilation.txt --depfile C:\Users\00509060\Desktop\FlutterQRScanner-App-master\build\app\intermediates\flutter\debug/snapshot_blob.bin.d --asset-dir C:\Users\00509060\Desktop\FlutterQRScanner-App-master\build\app\intermediates\flutter\debug/flutter_assets --debug

## exception

FileSystemException: FileSystemException: Deletion failed, path = 'C:\Users\00509060\Desktop\FlutterQRScanner-App-master\build\app\intermediates\flutter\debug/flutter_assets' (OS Error: The directory is not empty.
, errno = 145)

```
#0      _Directory._deleteSync (dart:io/directory_impl.dart:206:7)
#1      FileSystemEntity.deleteSync (dart:io/file_system_entity.dart:466:47)
#2      ForwardingFileSystemEntity.deleteSync (package:file/src/forwarding/forwarding_file_system_entity.dart:72:16)
#3      writeBundle (package:flutter_tools/src/bundle.dart:227:15)
<asynchronous suspension>
#4      assemble (package:flutter_tools/src/bundle.dart:220:9)
<asynchronous suspension>
#5      build (package:flutter_tools/src/bundle.dart:153:9)
<asynchronous suspension>
#6      BuildBundleCommand.runCommand (package:flutter_tools/src/commands/build_bundle.dart:84:11)
<asynchronous suspension>
#7      FlutterCommand.verifyThenRunCommand (package:flutter_tools/src/runner/flutter_command.dart:551:18)
<asynchronous suspension>
#8      FlutterCommand.run.<anonymous closure> (package:flutter_tools/src/runner/flutter_command.dart:488:33)
<asynchronous suspension>
#9      AppContext.run.<anonymous closure> (package:flutter_tools/src/base/context.dart:142:29)
<asynchronous suspension>
#10     _rootRun (dart:async/zone.dart:1124:13)
#11     _CustomZone.run (dart:async/zone.dart:1021:19)
#12     _runZoned (dart:async/zone.dart:1516:10)
#13     runZoned (dart:async/zone.dart:1463:12)
#14     AppContext.run (package:flutter_tools/src/base/context.dart:141:18)
<asynchronous suspension>
#15     FlutterCommand.run (package:flutter_tools/src/runner/flutter_command.dart:479:20)
#16     CommandRunner.runCommand (package:args/command_runner.dart:196:27)
<asynchronous suspension>
#17     FlutterCommandRunner.runCommand.<anonymous closure> (package:flutter_tools/src/runner/flutter_command_runner.dart:396:21)
<asynchronous suspension>
#18     AppContext.run.<anonymous closure> (package:flutter_tools/src/base/context.dart:142:29)
<asynchronous suspension>
#19     _rootRun (dart:async/zone.dart:1124:13)
#20     _CustomZone.run (dart:async/zone.dart:1021:19)
#21     _runZoned (dart:async/zone.dart:1516:10)
#22     runZoned (dart:async/zone.dart:1463:12)
#23     AppContext.run (package:flutter_tools/src/base/context.dart:141:18)
<asynchronous suspension>
#24     FlutterCommandRunner.runCommand (package:flutter_tools/src/runner/flutter_command_runner.dart:356:19)
<asynchronous suspension>
#25     CommandRunner.run.<anonymous closure> (package:args/command_runner.dart:111:29)
#26     new Future.sync (dart:async/future.dart:224:31)
#27     CommandRunner.run (package:args/command_runner.dart:111:11)
#28     FlutterCommandRunner.run (package:flutter_tools/src/runner/flutter_command_runner.dart:242:18)
#29     run.<anonymous closure> (package:flutter_tools/runner.dart:60:20)
<asynchronous suspension>
#30     AppContext.run.<anonymous closure> (package:flutter_tools/src/base/context.dart:142:29)
<asynchronous suspension>
#31     _rootRun (dart:async/zone.dart:1124:13)
#32     _CustomZone.run (dart:async/zone.dart:1021:19)
#33     _runZoned (dart:async/zone.dart:1516:10)
#34     runZoned (dart:async/zone.dart:1463:12)
#35     AppContext.run (package:flutter_tools/src/base/context.dart:141:18)
<asynchronous suspension>
#36     runInContext (package:flutter_tools/src/context_runner.dart:49:24)
<asynchronous suspension>
#37     run (package:flutter_tools/runner.dart:51:10)
#38     main (package:flutter_tools/executable.dart:51:9)
<asynchronous suspension>
#39     main (file:///C:/Users/00509060/Downloads/flutter_windows_v1.0.0-stable/flutter/packages/flutter_tools/bin/flutter_tools.dart:8:3)
#40     _startIsolate.<anonymous closure> (dart:isolate/runtime/libisolate_patch.dart:298:32)
#41     _RawReceivePortImpl._handleMessage (dart:isolate/runtime/libisolate_patch.dart:171:12)
```

## flutter doctor

```
[✓] Flutter (Channel dev, v1.2.0, on Microsoft Windows [Version 10.0.16299.785], locale en-IN)
    • Flutter version 1.2.0 at C:\Users\00509060\Downloads\flutter_windows_v1.0.0-stable\flutter
    • Framework revision 06b979c4d5 (3 weeks ago), 2019-01-25 14:27:35 -0500
    • Engine revision 36acd02c94
    • Dart version 2.1.1 (build 2.1.1-dev.3.2 f4afaee422)

[✓] Android toolchain - develop for Android devices (Android SDK version 28.0.3)
    • Android SDK at C:\Users\00509060\AppData\Local\Android\Sdk
    • Android NDK location not configured (optional; useful for native profiling support)
    • Platform android-28, build-tools 28.0.3
    • ANDROID_HOME = C:\Users\00509060\AppData\Local\Android\Sdk
    • Java binary at: C:\Program Files\Android\Android Studio1\jre\bin\java
    • Java version OpenJDK Runtime Environment (build 1.8.0_152-release-1248-b01)
    • All Android licenses accepted.

[!] Android Studio (version 3.3)
    • Android Studio at C:\Program Files\Android\Android Studio1
    ✗ Flutter plugin not installed; this adds Flutter specific functionality.
    ✗ Dart plugin not installed; this adds Dart specific functionality.
    • Java version OpenJDK Runtime Environment (build 1.8.0_152-release-1248-b01)

[✓] VS Code, 64-bit edition (version 1.31.0)
    • VS Code at C:\Program Files\Microsoft VS Code
    • Flutter extension version 2.22.3

[✓] Connected device (1 available)
    • Samsung • 192.168.78.101:5555 • android-x86 • Android 4.4.4 (API 19)

! Doctor found issues in 1 category.
```
